This is pdfTeX, Version 3.141592653-2.6-1.40.28 (MiKTeX 25.12) (preloaded format=pdflatex 2026.4.12)  26 JUN 2026 09:36
entering extended mode
 restricted \write18 enabled.
 %&-line parsing enabled.
**./modelo-de-tcc.tex
(modelo-de-tcc.tex
LaTeX2e <2025-11-01>
L3 programming layer <2025-12-24>
(tcc-ufvjm.cls
Document Class: tcc-ufvjm 2020/11/10 Modelo de TCC da UFVJM
(C:\Users\Lucas\AppData\Local\Programs\MiKTeX\tex/latex/eso-pic\eso-pic.sty
Package: eso-pic 2025/12/10 v3.0d eso-pic (RN)
\ESO@tempdima=\dimen148
\ESO@tempdimb=\dimen149

(C:\Users\Lucas\AppData\Local\Programs\MiKTeX\tex/latex/graphics\keyval.sty
Package: keyval 2022/05/29 v1.15 key=value parser (DPC)
\KV@toks@=\toks17
)
(C:\Users\Lucas\AppData\Local\Programs\MiKTeX\tex/latex/xcolor\xcolor.sty
Package: xcolor 2024/09/29 v3.02 LaTeX color extensions (UK)

(C:\Users\Lucas\AppData\Local\Programs\MiKTeX\tex/latex/graphics-cfg\color.cfg
File: color.cfg 2016/01/02 v1.6 sample color configuration
)
Package xcolor Info: Driver file: pdftex.def on input line 274.

(C:\Users\Lucas\AppData\Local\Programs\MiKTeX\tex/latex/graphics-def\pdftex.def
File: pdftex.def 2025/09/29 v1.2d Graphics/color driver for pdftex
)
(C:\Users\Lucas\AppData\Local\Programs\MiKTeX\tex/latex/graphics\mathcolor.ltx)
Package xcolor Info: Model `cmy' substituted by `cmy0' on input line 1349.
Package xcolor Info: Model `hsb' substituted by `rgb' on input line 1353.
Package xcolor Info: Model `RGB' extended on input line 1365.
Package xcolor Info: Model `HTML' substituted by `rgb' on input line 1367.
Package xcolor Info: Model `Hsb' substituted by `hsb' on input line 1368.
Package xcolor Info: Model `tHsb' substituted by `hsb' on input line 1369.
Package xcolor Info: Model `HSB' substituted by `hsb' on input line 1370.
Package xcolor Info: Model `Gray' substituted by `gray' on input line 1371.
Package xcolor Info: Model `wave' substituted by `hsb' on input line 1372.
)) (C:\Users\Lucas\AppData\Local\Programs\MiKTeX\tex/latex/base\size12.clo
File: size12.clo 2025/01/22 v1.4n Standard LaTeX file (size option)
)
\c@part=\count275
\c@chapter=\count276
\c@section=\count277
\c@subsection=\count278
\c@subsubsection=\count279
\c@paragraph=\count280
\c@subparagraph=\count281
\c@figure=\count282
\c@table=\count283
\abovecaptionskip=\skip49
\belowcaptionskip=\skip50
\bibindent=\dimen150
)
(C:\Users\Lucas\AppData\Local\Programs\MiKTeX\tex/latex/psnfss\mathptmx.sty
Package: mathptmx 2020/03/25 PSNFSS-v9.3 Times w/ Math, improved (SPQR, WaS) 
LaTeX Font Info:    Redeclaring symbol font `operators' on input line 28.
LaTeX Font Info:    Overwriting symbol font `operators' in version `normal'
(Font)                  OT1/cmr/m/n --> OT1/ztmcm/m/n on input line 28.
LaTeX Font Info:    Overwriting symbol font `operators' in version `bold'
(Font)                  OT1/cmr/bx/n --> OT1/ztmcm/m/n on input line 28.
LaTeX Font Info:    Redeclaring symbol font `letters' on input line 29.
LaTeX Font Info:    Overwriting symbol font `letters' in version `normal'
(Font)                  OML/cmm/m/it --> OML/ztmcm/m/it on input line 29.
LaTeX Font Info:    Overwriting symbol font `letters' in version `bold'
(Font)                  OML/cmm/b/it --> OML/ztmcm/m/it on input line 29.
LaTeX Font Info:    Redeclaring symbol font `symbols' on input line 30.
LaTeX Font Info:    Overwriting symbol font `symbols' in version `normal'
(Font)                  OMS/cmsy/m/n --> OMS/ztmcm/m/n on input line 30.
LaTeX Font Info:    Overwriting symbol font `symbols' in version `bold'
(Font)                  OMS/cmsy/b/n --> OMS/ztmcm/m/n on input line 30.
LaTeX Font Info:    Redeclaring symbol font `largesymbols' on input line 31.
LaTeX Font Info:    Overwriting symbol font `largesymbols' in version `normal'
(Font)                  OMX/cmex/m/n --> OMX/ztmcm/m/n on input line 31.
LaTeX Font Info:    Overwriting symbol font `largesymbols' in version `bold'
(Font)                  OMX/cmex/m/n --> OMX/ztmcm/m/n on input line 31.
\symbold=\mathgroup4
\symitalic=\mathgroup5
LaTeX Font Info:    Redeclaring math alphabet \mathbf on input line 34.
LaTeX Font Info:    Overwriting math alphabet `\mathbf' in version `normal'
(Font)                  OT1/cmr/bx/n --> OT1/ptm/bx/n on input line 34.
LaTeX Font Info:    Overwriting math alphabet `\mathbf' in version `bold'
(Font)                  OT1/cmr/bx/n --> OT1/ptm/bx/n on input line 34.
LaTeX Font Info:    Redeclaring math alphabet \mathit on input line 35.
LaTeX Font Info:    Overwriting math alphabet `\mathit' in version `normal'
(Font)                  OT1/cmr/m/it --> OT1/ptm/m/it on input line 35.
LaTeX Font Info:    Overwriting math alphabet `\mathit' in version `bold'
(Font)                  OT1/cmr/bx/it --> OT1/ptm/m/it on input line 35.
LaTeX Info: Redefining \hbar on input line 50.
)
(C:\Users\Lucas\AppData\Local\Programs\MiKTeX\tex/latex/amsmath\amsmath.sty
Package: amsmath 2025/07/09 v2.17z AMS math features
\@mathmargin=\skip51

For additional information on amsmath, use the `?' option.
(C:\Users\Lucas\AppData\Local\Programs\MiKTeX\tex/latex/amsmath\amstext.sty
Package: amstext 2024/11/17 v2.01 AMS text

(C:\Users\Lucas\AppData\Local\Programs\MiKTeX\tex/latex/amsmath\amsgen.sty
File: amsgen.sty 1999/11/30 v2.0 generic functions
\@emptytoks=\toks18
\ex@=\dimen151
))
(C:\Users\Lucas\AppData\Local\Programs\MiKTeX\tex/latex/amsmath\amsbsy.sty
Package: amsbsy 1999/11/29 v1.2d Bold Symbols
\pmbraise@=\dimen152
)
(C:\Users\Lucas\AppData\Local\Programs\MiKTeX\tex/latex/amsmath\amsopn.sty
Package: amsopn 2022/04/08 v2.04 operator names
)
\inf@bad=\count284
LaTeX Info: Redefining \frac on input line 233.
\uproot@=\count285
\leftroot@=\count286
LaTeX Info: Redefining \overline on input line 398.
LaTeX Info: Redefining \colon on input line 409.
\classnum@=\count287
\DOTSCASE@=\count288
LaTeX Info: Redefining \ldots on input line 495.
LaTeX Info: Redefining \dots on input line 498.
LaTeX Info: Redefining \cdots on input line 619.
\Mathstrutbox@=\box53
\strutbox@=\box54
LaTeX Info: Redefining \big on input line 721.
LaTeX Info: Redefining \Big on input line 722.
LaTeX Info: Redefining \bigg on input line 723.
LaTeX Info: Redefining \Bigg on input line 724.
\big@size=\dimen153
LaTeX Font Info:    Redeclaring font encoding OML on input line 742.
LaTeX Font Info:    Redeclaring font encoding OMS on input line 743.
\macc@depth=\count289
LaTeX Info: Redefining \bmod on input line 904.
LaTeX Info: Redefining \pmod on input line 909.
LaTeX Info: Redefining \smash on input line 939.
LaTeX Info: Redefining \relbar on input line 969.
LaTeX Info: Redefining \Relbar on input line 970.
\c@MaxMatrixCols=\count290
\dotsspace@=\muskip17
\c@parentequation=\count291
\dspbrk@lvl=\count292
\tag@help=\toks19
\row@=\count293
\column@=\count294
\maxfields@=\count295
\andhelp@=\toks20
\eqnshift@=\dimen154
\alignsep@=\dimen155
\tagshift@=\dimen156
\tagwidth@=\dimen157
\totwidth@=\dimen158
\lineht@=\dimen159
\@envbody=\toks21
\multlinegap=\skip52
\multlinetaggap=\skip53
\mathdisplay@stack=\toks22
LaTeX Info: Redefining \[ on input line 2950.
LaTeX Info: Redefining \] on input line 2951.
)
(C:\Users\Lucas\AppData\Local\Programs\MiKTeX\tex/latex/amscls\amsthm.sty
Package: amsthm 2020/05/29 v2.20.6
\thm@style=\toks23
\thm@bodyfont=\toks24
\thm@headfont=\toks25
\thm@notefont=\toks26
\thm@headpunct=\toks27
\thm@preskip=\skip54
\thm@postskip=\skip55
\thm@headsep=\skip56
\dth@everypar=\toks28
)
(C:\Users\Lucas\AppData\Local\Programs\MiKTeX\tex/latex/amsfonts\amsfonts.sty
Package: amsfonts 2013/01/14 v3.01 Basic AMSFonts support
\symAMSa=\mathgroup6
\symAMSb=\mathgroup7
LaTeX Font Info:    Overwriting math alphabet `\mathfrak' in version `bold'
(Font)                  U/euf/m/n --> U/euf/b/n on input line 106.
)
(C:\Users\Lucas\AppData\Local\Programs\MiKTeX\tex/latex/amsfonts\amssymb.sty
Package: amssymb 2013/01/14 v3.01 AMS font symbols
)
(C:\Users\Lucas\AppData\Local\Programs\MiKTeX\tex/latex/graphics\graphicx.sty
Package: graphicx 2024/12/31 v1.2e Enhanced LaTeX Graphics (DPC,SPQR)

(C:\Users\Lucas\AppData\Local\Programs\MiKTeX\tex/latex/graphics\graphics.sty
Package: graphics 2024/08/06 v1.4g Standard LaTeX Graphics (DPC,SPQR)

(C:\Users\Lucas\AppData\Local\Programs\MiKTeX\tex/latex/graphics\trig.sty
Package: trig 2023/12/02 v1.11 sin cos tan (DPC)
)
(C:\Users\Lucas\AppData\Local\Programs\MiKTeX\tex/latex/graphics-cfg\graphics.c
fg
File: graphics.cfg 2016/06/04 v1.11 sample graphics configuration
)
Package graphics Info: Driver file: pdftex.def on input line 106.
)
\Gin@req@height=\dimen160
\Gin@req@width=\dimen161
)
(C:\Users\Lucas\AppData\Local\Programs\MiKTeX\tex/latex/amsfonts\eucal.sty
Package: eucal 2009/06/22 v3.00 Euler Script fonts
LaTeX Font Info:    Overwriting math alphabet `\EuScript' in version `bold'
(Font)                  U/eus/m/n --> U/eus/b/n on input line 33.
)
(C:\Users\Lucas\AppData\Local\Programs\MiKTeX\tex/latex/base\latexsym.sty
Package: latexsym 1998/08/17 v2.2e Standard LaTeX package (lasy symbols)
\symlasy=\mathgroup8
LaTeX Font Info:    Overwriting symbol font `lasy' in version `bold'
(Font)                  U/lasy/m/n --> U/lasy/b/n on input line 52.
)
(C:\Users\Lucas\AppData\Local\Programs\MiKTeX\tex/generic/babel\babel.sty
Package: babel 2025/12/11 v25.17 The multilingual framework for LuaLaTeX, pdfLa
TeX and XeLaTeX
\babel@savecnt=\count296
LaTeX Encoding Info:    Redeclaring text command \ij (encoding OT1) on input li
ne 2068.
LaTeX Encoding Info:    Redeclaring text command \IJ (encoding OT1) on input li
ne 2070.
LaTeX Encoding Info:    Redeclaring text command \ij (encoding T1) on input lin
e 2072.
LaTeX Encoding Info:    Redeclaring text command \IJ (encoding T1) on input lin
e 2073.
LaTeX Encoding Info:    Ignoring declaration for text command \ij (encoding ?) 
on input line 2074.
LaTeX Encoding Info:    Ignoring declaration for text command \IJ (encoding ?) 
on input line 2076.
LaTeX Encoding Info:    Ignoring declaration for text command \SS (encoding ?) 
on input line 2101.
\U@D=\dimen162
\l@unhyphenated=\language79

(C:\Users\Lucas\AppData\Local\Programs\MiKTeX\tex/generic/babel\txtbabel.def)
\bbl@readstream=\read2
\bbl@dirlevel=\count297
Package babel Info: Configuration files are deprecated, as
(babel)             they can break document portability.
(babel)             Reported on input line 4196.

*************************************
* Local config file bblopts.cfg used
*
(C:\Users\Lucas\AppData\Local\Programs\MiKTeX\tex/latex/arabi\bblopts.cfg
File: bblopts.cfg 2005/09/08 v0.1 add Arabic and Farsi to "declared" options of
 babel
)
(C:\Users\Lucas\AppData\Local\Programs\MiKTeX\tex/generic/babel/locale/invalid\
babel-brazil.tex)

Package babel Warning: Name 'brazil' is deprecated.
(babel)                Use 'brazilian' instead.
(babel)                Reported on input line 4320.

Package babel Info: Importing font and identification data for brazil
(babel)             from babel-pt-BR.ini. Reported on input line 4320.

(C:\Users\Lucas\AppData\Local\Programs\MiKTeX\tex/latex/babel-portuges\brazilia
n.ldf
Language: portuges 2026/01/24 v1.2u Portuguese support from the babel system
Package babel Info: Hyphen rules for 'brazil' set to \l@portuguese
(babel)             (\language56). Reported on input line 100.
Package babel Info: Making " an active character on input line 132.
))
(C:\Users\Lucas\AppData\Local\Programs\MiKTeX\tex/latex/base\inputenc.sty
Package: inputenc 2024/02/08 v1.3d Input encoding file
\inpenc@prehook=\toks29
\inpenc@posthook=\toks30
)
(C:\Users\Lucas\AppData\Local\Programs\MiKTeX\tex/latex/tools\bm.sty
Package: bm 2025/10/21 v1.2g Bold Symbol Support (DPC/FMi)
Package bm Info: No bold for \OT1/ztmcm/m/n, using \pmb.
Package bm Info: No bold for \OML/ztmcm/m/it, using \pmb.
Package bm Info: No bold for \OMS/ztmcm/m/n, using \pmb.
Package bm Info: No bold for \OMX/ztmcm/m/n, using \pmb.
Package bm Info: No bold for \OT1/ptm/bx/n, using \pmb.
Package bm Info: No bold for \OT1/ptm/m/it, using \pmb.
Package bm Info: No bold for \U/msa/m/n, using \pmb.
Package bm Info: No bold for \U/msb/m/n, using \pmb.
\symboldlasy=\mathgroup9
)
(C:\Users\Lucas\AppData\Local\Programs\MiKTeX\tex/generic/xypic\xy.sty
(C:\Users\Lucas\AppData\Local\Programs\MiKTeX\tex/generic/xypic\xy.tex
Bootstrap'ing: catcodes, docmode,
(C:\Users\Lucas\AppData\Local\Programs\MiKTeX\tex/generic/xypic\xyrecat.tex)
(C:\Users\Lucas\AppData\Local\Programs\MiKTeX\tex/generic/xypic\xyidioms.tex)

 Xy-pic version 3.8.9 <2013/10/06>
 Copyright (c) 1991-2013 by Kristoffer H. Rose <krisrose@tug.org> and others
 Xy-pic is free software: see the User's Guide for details.

Loading kernel: messages; fonts; allocations: state,
\X@c=\dimen163
\Y@c=\dimen164
\U@c=\dimen165
\D@c=\dimen166
\L@c=\dimen167
\R@c=\dimen168
\Edge@c=\toks31
\X@p=\dimen169
\Y@p=\dimen170
\U@p=\dimen171
\D@p=\dimen172
\L@p=\dimen173
\R@p=\dimen174
\Edge@p=\toks32
\X@origin=\dimen175
\Y@origin=\dimen176
\X@xbase=\dimen177
\Y@xbase=\dimen178
\X@ybase=\dimen179
\Y@ybase=\dimen180
\X@min=\dimen181
\Y@min=\dimen182
\X@max=\dimen183
\Y@max=\dimen184
\lastobjectbox@=\box55
\zerodotbox@=\box56
\almostz@=\dimen185
 direction,
\d@X=\dimen186
\d@Y=\dimen187
\K@=\count298
\KK@=\count299
\Direction=\count300
\K@dXdY=\dimen188
\K@dYdX=\dimen189
\xyread@=\read3
\xywrite@=\write3
\csp@=\count301
\quotPTK@=\dimen190

utility macros; pictures: \xy, positions,
\swaptoks@@=\toks33
\connectobjectbox@@=\box57
 objects,
\styletoks@=\toks34
 decorations;
kernel objects: directionals, circles, text; options; algorithms: directions,
edges, connections;  Xy-pic loaded)
(C:\Users\Lucas\AppData\Local\Programs\MiKTeX\tex/generic/iftex\ifpdf.sty
Package: ifpdf 2019/10/25 v3.4 ifpdf legacy package. Use iftex instead.

(C:\Users\Lucas\AppData\Local\Programs\MiKTeX\tex/generic/iftex\iftex.sty
Package: iftex 2024/12/12 v1.0g TeX engine tests
))
Package: xy 2013/10/06 Xy-pic version 3.8.9

(C:\Users\Lucas\AppData\Local\Programs\MiKTeX\tex/generic/xypic\xyall.tex
 Xy-pic option: All features v.3.8
(C:\Users\Lucas\AppData\Local\Programs\MiKTeX\tex/generic/xypic\xycurve.tex
 Xy-pic option: Curve and Spline extension v.3.12 curve,
\crv@cnt@=\count302
\crvpts@=\toks35
\splinebox@=\box58
\splineval@=\dimen191
\splinedepth@=\dimen192
\splinetol@=\dimen193
\splinelength@=\dimen194
 circles,
\L@=\dimen195
 loaded)
(C:\Users\Lucas\AppData\Local\Programs\MiKTeX\tex/generic/xypic\xyframe.tex
 Xy-pic option: Frame and Bracket extension v.3.14 loaded)
(C:\Users\Lucas\AppData\Local\Programs\MiKTeX\tex/generic/xypic\xycmtip.tex
 Xy-pic option: Computer Modern tip extension v.3.7
(C:\Users\Lucas\AppData\Local\Programs\MiKTeX\tex/generic/xypic\xytips.tex
 Xy-pic option: More Tips extension v.3.11 loaded) loaded)
(C:\Users\Lucas\AppData\Local\Programs\MiKTeX\tex/generic/xypic\xyline.tex
 Xy-pic option: Line styles extension v.3.10
\xylinethick@=\dimen196
 loaded)
(C:\Users\Lucas\AppData\Local\Programs\MiKTeX\tex/generic/xypic\xyrotate.tex
 Xy-pic option: Rotate and Scale extension v.3.8 loaded)
(C:\Users\Lucas\AppData\Local\Programs\MiKTeX\tex/generic/xypic\xycolor.tex
 Xy-pic option: Colour extension v.3.11 loaded)
(C:\Users\Lucas\AppData\Local\Programs\MiKTeX\tex/generic/xypic\xymatrix.tex
 Xy-pic option: Matrix feature v.3.14
\Row=\count303
\Col=\count304
\queue@=\toks36
\queue@@=\toks37
\qcount@=\count305
\qcount@@=\count306
\matrixsize@=\count307
 loaded)
(C:\Users\Lucas\AppData\Local\Programs\MiKTeX\tex/generic/xypic\xyarrow.tex
 Xy-pic option: Arrow and Path feature v.3.9 path, \ar, loaded)
(C:\Users\Lucas\AppData\Local\Programs\MiKTeX\tex/generic/xypic\xygraph.tex
 Xy-pic option: Graph feature v.3.11 loaded) loaded)
(C:\Users\Lucas\AppData\Local\Programs\MiKTeX\tex/generic/xypic\xypdf.tex
 Xy-pic option: PDF driver v.1.7 Xy-pic pdf driver: `color' extension support
(C:\Users\Lucas\AppData\Local\Programs\MiKTeX\tex/generic/xypic\xypdf-co.tex
loaded) Xy-pic pdf driver: `curve' extension support
(C:\Users\Lucas\AppData\Local\Programs\MiKTeX\tex/generic/xypic\xypdf-cu.tex
loaded) Xy-pic pdf driver: `frame' extension support
(C:\Users\Lucas\AppData\Local\Programs\MiKTeX\tex/generic/xypic\xypdf-fr.tex
loaded) Xy-pic pdf driver: `line' extension support
(C:\Users\Lucas\AppData\Local\Programs\MiKTeX\tex/generic/xypic\xypdf-li.tex
loaded) Xy-pic pdf driver: `rotate' extension support
(C:\Users\Lucas\AppData\Local\Programs\MiKTeX\tex/generic/xypic\xypdf-ro.tex
loaded) loaded))
(C:\Users\Lucas\AppData\Local\Programs\MiKTeX\tex/latex/base\makeidx.sty
Package: makeidx 2021/10/04 v1.0m Standard LaTeX package
)
\@indexfile=\write4
\openout4 = `modelo-de-tcc.idx'.


Writing index file modelo-de-tcc.idx
(C:\Users\Lucas\AppData\Local\Programs\MiKTeX\tex/latex/float\float.sty
Package: float 2001/11/08 v1.3d Float enhancements (AL)
\c@float@type=\count308
\float@exts=\toks38
\float@box=\box59
\@float@everytoks=\toks39
\@floatcapt=\box60
)
(C:\Users\Lucas\AppData\Local\Programs\MiKTeX\tex/latex/multirow\multirow.sty
Package: multirow 2024/11/12 v2.9 Span multiple rows of a table
\multirow@colwidth=\skip57
\multirow@cntb=\count309
\multirow@dima=\skip58
\bigstrutjot=\dimen197
)
(C:\Users\Lucas\AppData\Local\Programs\MiKTeX\tex/latex/microtype\microtype.sty
Package: microtype 2026/03/01 v3.2d Micro-typographical refinements (RS)
(C:\Users\Lucas\AppData\Local\Programs\MiKTeX\tex/latex/etoolbox\etoolbox.sty
Package: etoolbox 2025/10/02 v2.5m e-TeX tools for LaTeX (JAW)
\etb@tempcnta=\count310
)
\MT@toks=\toks40
\MT@tempbox=\box61
\MT@count=\count311
LaTeX Info: Redefining \noprotrusionifhmode on input line 1084.
LaTeX Info: Redefining \leftprotrusion on input line 1085.
\MT@prot@toks=\toks41
LaTeX Info: Redefining \rightprotrusion on input line 1104.
LaTeX Info: Redefining \textls on input line 1449.
\MT@outer@kern=\dimen198
LaTeX Info: Redefining \microtypecontext on input line 2053.
LaTeX Info: Redefining \textmicrotypecontext on input line 2070.
\MT@listname@count=\count312

(C:\Users\Lucas\AppData\Local\Programs\MiKTeX\tex/latex/microtype\microtype-pdf
tex.def
File: microtype-pdftex.def 2026/03/01 v3.2d Definitions specific to pdftex (RS)

LaTeX Info: Redefining \lsstyle on input line 944.
LaTeX Info: Redefining \lslig on input line 944.
\MT@outer@space=\skip59
)
Package microtype Info: Loading configuration file microtype.cfg.

(C:\Users\Lucas\AppData\Local\Programs\MiKTeX\tex/latex/microtype\microtype.cfg
File: microtype.cfg 2026/03/01 v3.2d microtype main configuration file (RS)
)
LaTeX Info: Redefining \microtypesetup on input line 3065.
)
(C:\Users\Lucas\AppData\Local\Programs\MiKTeX\tex/latex/listings\listings.sty
\lst@mode=\count313
\lst@gtempboxa=\box62
\lst@token=\toks42
\lst@length=\count314
\lst@currlwidth=\dimen199
\lst@column=\count315
\lst@pos=\count316
\lst@lostspace=\dimen256
\lst@width=\dimen257
\lst@newlines=\count317
\lst@lineno=\count318
\lst@maxwidth=\dimen258

(C:\Users\Lucas\AppData\Local\Programs\MiKTeX\tex/latex/listings\lstpatch.sty
File: lstpatch.sty 2025/11/14 1.11b (Carsten Heinz)
)
(C:\Users\Lucas\AppData\Local\Programs\MiKTeX\tex/latex/listings\lstmisc.sty
File: lstmisc.sty 2025/11/14 1.11b (Carsten Heinz)
\c@lstnumber=\count319
\lst@skipnumbers=\count320
\lst@framebox=\box63
)
(C:\Users\Lucas\AppData\Local\Programs\MiKTeX\tex/latex/listings\listings.cfg
File: listings.cfg 2025/11/14 1.11b listings configuration
))
Package: listings 2025/11/14 1.11b (Carsten Heinz)
==> First Aid for listings.sty no longer applied!
    Expected:
        2024/09/23 1.10c (Carsten Heinz)
    but found:
        2025/11/14 1.11b (Carsten Heinz)
    so I'm assuming it got fixed.
(C:\Users\Lucas\AppData\Local\Programs\MiKTeX\tex/latex/listings\lstlang1.sty
File: lstlang1.sty 2025/11/14 1.11b listings language file
)
(pos-textual/referencias/abntex2cite.sty

LaTeX Warning: You have requested package `pos-textual/referencias/abntex2cite'
,
               but the package provides `abntex2cite'.

Package: abntex2cite 2014/01/26 v1.9.2 abnTeX2
(C:\Users\Lucas\AppData\Local\Programs\MiKTeX\tex/latex/base\ifthen.sty
Package: ifthen 2024/03/16 v1.1e Standard LaTeX ifthen package (DPC)
)
(C:\Users\Lucas\AppData\Local\Programs\MiKTeX\tex/latex/tools\calc.sty
Package: calc 2025/03/01 v4.3b Infix arithmetic (KKT,FJ)
\calc@Acount=\count321
\calc@Bcount=\count322
\calc@Adimen=\dimen259
\calc@Bdimen=\dimen260
\calc@Askip=\skip60
\calc@Bskip=\skip61
LaTeX Info: Redefining \setlength on input line 86.
LaTeX Info: Redefining \addtolength on input line 87.
\calc@Ccount=\count323
\calc@Cskip=\skip62
)
(pos-textual/referencias/abntex2abrev.sty)
(C:\Users\Lucas\AppData\Local\Programs\MiKTeX\tex/latex/url\url.sty
\Urlmuskip=\muskip18
Package: url 2013/09/16  ver 3.4  Verb mode for urls, etc.
)
\minimumbiblabelwidth=\skip63
\ABCIauxlen=\skip64
\c@ABCIaux=\count324
\c@ABCImax=\count325

(C:\Users\Lucas\AppData\Local\Programs\MiKTeX\tex/generic/iftex\ifxetex.sty
Package: ifxetex 2019/10/25 v0.7 ifxetex legacy package. Use iftex instead.
)
(C:\Users\Lucas\AppData\Local\Programs\MiKTeX\tex/latex/relsize\relsize.sty
Package: relsize 2013/03/29 ver 4.1
)
\biblabelsep=\skip65
LaTeX Info: Redefining \newblock on input line 676.
LaTeX Info: Redefining \cite on input line 703.
\ABCItoken=\toks43
)
\c@theorem=\count326
\c@axiom=\count327
\c@corollary=\count328
\c@lemma=\count329
\c@proposition=\count330
\c@definition=\count331
\c@example=\count332
\c@remark=\count333
LaTeX Font Info:    Trying to load font information for OT1+ptm on input line 1
14.

(C:\Users\Lucas\AppData\Local\Programs\MiKTeX\tex/latex/psnfss\ot1ptm.fd
File: ot1ptm.fd 2001/06/04 font definitions for OT1/ptm.
)
(C:\Users\Lucas\AppData\Local\Programs\MiKTeX\tex/latex/l3backend\l3backend-pdf
tex.def
File: l3backend-pdftex.def 2025-10-09 L3 backend support: PDF output (pdfTeX)
\l__color_backend_stack_int=\count334
) (modelo-de-tcc.aux
Package babel Info: 'brazil' activates 'portuges' shorthands.
(babel)             Reported on input line 6.
 (pre-textual/agradecimento.aux)
(pre-textual/epigrafe.aux) (pre-textual/resumo-ptbr.aux)
(pre-textual/resumo-en.aux) (pre-textual/abreviaturas.aux)
(pre-textual/siglas.aux) (pre-textual/simbolos.aux) (capitulos/introducao.aux)
(capitulos/fundamentacao-teorica.aux) (capitulos/revisao-de-literatura.aux)
(capitulos/metodologia.aux) (capitulos/resultados.aux) (capitulos/discussao.aux
) (capitulos/conclusao.aux) (pos-textual/declaracao-ia.aux))
\openout1 = `modelo-de-tcc.aux'.

LaTeX Font Info:    Checking defaults for OML/cmm/m/it on input line 114.
LaTeX Font Info:    ... okay on input line 114.
LaTeX Font Info:    Checking defaults for OMS/cmsy/m/n on input line 114.
LaTeX Font Info:    ... okay on input line 114.
LaTeX Font Info:    Checking defaults for OT1/cmr/m/n on input line 114.
LaTeX Font Info:    ... okay on input line 114.
LaTeX Font Info:    Checking defaults for T1/cmr/m/n on input line 114.
LaTeX Font Info:    ... okay on input line 114.
LaTeX Font Info:    Checking defaults for TS1/cmr/m/n on input line 114.
LaTeX Font Info:    ... okay on input line 114.
LaTeX Font Info:    Checking defaults for OMX/cmex/m/n on input line 114.
LaTeX Font Info:    ... okay on input line 114.
LaTeX Font Info:    Checking defaults for U/cmr/m/n on input line 114.
LaTeX Font Info:    ... okay on input line 114.

(C:\Users\Lucas\AppData\Local\Programs\MiKTeX\tex/context/base/mkii\supp-pdf.mk
ii
[Loading MPS to PDF converter (version 2006.09.02).]
\scratchcounter=\count335
\scratchdimen=\dimen261
\scratchbox=\box64
\nofMPsegments=\count336
\nofMParguments=\count337
\everyMPshowfont=\toks44
\MPscratchCnt=\count338
\MPscratchDim=\dimen262
\MPnumerator=\count339
\makeMPintoPDFobject=\count340
\everyMPtoPDFconversion=\toks45
)
(C:\Users\Lucas\AppData\Local\Programs\MiKTeX\tex/latex/epstopdf-pkg\epstopdf-b
ase.sty
Package: epstopdf-base 2020-01-24 v2.11 Base part for package epstopdf
Package epstopdf-base Info: Redefining graphics rule for `.eps' on input line 4
85.

(C:\Users\Lucas\AppData\Local\Programs\MiKTeX\tex/latex/00miktex\epstopdf-sys.c
fg
File: epstopdf-sys.cfg 2021/03/18 v2.0 Configuration of epstopdf for MiKTeX
))
LaTeX Font Info:    Trying to load font information for OT1+ztmcm on input line
 114.
 (C:\Users\Lucas\AppData\Local\Programs\MiKTeX\tex/latex/psnfss\ot1ztmcm.fd
File: ot1ztmcm.fd 2000/01/03 Fontinst v1.801 font definitions for OT1/ztmcm.
)
LaTeX Font Info:    Trying to load font information for OML+ztmcm on input line
 114.
 (C:\Users\Lucas\AppData\Local\Programs\MiKTeX\tex/latex/psnfss\omlztmcm.fd
File: omlztmcm.fd 2000/01/03 Fontinst v1.801 font definitions for OML/ztmcm.
)
LaTeX Font Info:    Trying to load font information for OMS+ztmcm on input line
 114.

(C:\Users\Lucas\AppData\Local\Programs\MiKTeX\tex/latex/psnfss\omsztmcm.fd
File: omsztmcm.fd 2000/01/03 Fontinst v1.801 font definitions for OMS/ztmcm.
)
LaTeX Font Info:    Trying to load font information for OMX+ztmcm on input line
 114.

(C:\Users\Lucas\AppData\Local\Programs\MiKTeX\tex/latex/psnfss\omxztmcm.fd
File: omxztmcm.fd 2000/01/03 Fontinst v1.801 font definitions for OMX/ztmcm.
)
LaTeX Font Info:    Font shape `OT1/ptm/bx/n' in size <12> not available
(Font)              Font shape `OT1/ptm/b/n' tried instead on input line 114.
LaTeX Font Info:    Font shape `OT1/ptm/bx/n' in size <9> not available
(Font)              Font shape `OT1/ptm/b/n' tried instead on input line 114.
LaTeX Font Info:    Font shape `OT1/ptm/bx/n' in size <7> not available
(Font)              Font shape `OT1/ptm/b/n' tried instead on input line 114.
LaTeX Font Info:    Trying to load font information for U+lasy on input line 11
4.

(C:\Users\Lucas\AppData\Local\Programs\MiKTeX\tex/latex/base\ulasy.fd
File: ulasy.fd 1998/08/17 v2.2e LaTeX symbol font definitions
)
LaTeX Font Info:    Font shape `U/lasy/b/n' in size <9> not available
(Font)              Font shape `U/lasy/m/n' tried instead on input line 114.
LaTeX Font Info:    Font shape `U/lasy/b/n' in size <7> not available
(Font)              Font shape `U/lasy/m/n' tried instead on input line 114.
Package xypdf Info: Line width: 0.47987pt on input line 114.
LaTeX Info: Redefining \microtypecontext on input line 114.
Package microtype Info: Applying patch `item' on input line 114.
Package microtype Info: Applying patch `toc' on input line 114.
Package microtype Info: Applying patch `eqnum' on input line 114.
Package microtype Info: Applying patch `footnote' on input line 114.
Package microtype Info: Applying patch `verbatim' on input line 114.
LaTeX Info: Redefining \microtypesetup on input line 114.
Package microtype Info: Generating PDF output.
Package microtype Info: Character protrusion enabled (level 2).
Package microtype Info: Using default protrusion set `alltext'.
Package microtype Info: Automatic font expansion enabled (level 2),
(microtype)             stretch: 20, shrink: 20, step: 1, non-selected.
Package microtype Info: Using default expansion set `alltext-nott'.
Package microtype Info: Patching command `\showhyphens'.
Package microtype Info: No adjustment of tracking.
Package microtype Info: No adjustment of interword spacing.
Package microtype Info: No adjustment of character kerning.

(C:\Users\Lucas\AppData\Local\Programs\MiKTeX\tex/latex/microtype\mt-ptm.cfg
File: mt-ptm.cfg 2006/04/20 v1.7 microtype config. file: Times (RS)
)
\c@lstlisting=\count341
<figuras/capa-ufvjm.png, id=1, 596.52963pt x 845.00308pt>
File: figuras/capa-ufvjm.png Graphic file (type png)
<use figuras/capa-ufvjm.png>
Package pdftex.def Info: figuras/capa-ufvjm.png  used on input line 210.
(pdftex.def)             Requested size: 596.55548pt x 845.0397pt.

[1


{C:/Users/Lucas/AppData/Local/MiKTeX/fonts/map/pdftex/pdftex.map}{C:/Users/Luca
s/AppData/Local/Programs/MiKTeX/fonts/enc/dvips/base/8r.enc} <./figuras/capa-uf
vjm.png>] [1

] [2

]
\openout2 = `pre-textual/agradecimento.aux'.

 (pre-textual/agradecimento.tex [3


])
\openout2 = `pre-textual/epigrafe.aux'.


(pre-textual/epigrafe.tex [4




])
\openout2 = `pre-textual/resumo-ptbr.aux'.

 (pre-textual/resumo-ptbr.tex [5




] [6])
\openout2 = `pre-textual/resumo-en.aux'.


(pre-textual/resumo-en.tex [7





]) (modelo-de-tcc.lof)
\tf@lof=\write5
\openout5 = `modelo-de-tcc.lof'.

 [8




] (modelo-de-tcc.lot
[9

])
\tf@lot=\write6
\openout6 = `modelo-de-tcc.lot'.

 [10]
\openout2 = `pre-textual/abreviaturas.aux'.

 (pre-textual/abreviaturas.tex [11


])
\openout2 = `pre-textual/siglas.aux'.

 (pre-textual/siglas.tex [12





])
\openout2 = `pre-textual/simbolos.aux'.


(pre-textual/simbolos.tex [13





]) (modelo-de-tcc.toc [14




] [15]
Underfull \vbox (badness 2409) has occurred while \output is active []

 [16])
\tf@toc=\write7
\openout7 = `modelo-de-tcc.toc'.


[17]
\openout2 = `capitulos/introducao.aux'.

 (capitulos/introducao.tex
Cap\'{\i }tulo 1.

Overfull \hbox (7.00662pt too wide) in paragraph at lines 6--7
[]\OT1/ptm/m/n/12 (-20) Diante desse qua-dro epi-de-miol[]ogico, o di-agn[]osti
co pre-coce emerge como interven[][]ao
 []


Underfull \vbox (badness 10000) has occurred while \output is active []

 [1



]
Underfull \vbox (badness 10000) has occurred while \output is active []

 [2]
LaTeX Font Info:    Trying to load font information for TS1+ptm on input line 2
9.

(C:\Users\Lucas\AppData\Local\Programs\MiKTeX\tex/latex/psnfss\ts1ptm.fd
File: ts1ptm.fd 2001/06/04 font definitions for TS1/ptm.
)
[3]) [4]
\openout2 = `capitulos/fundamentacao-teorica.aux'.

 (capitulos/fundamentacao-teorica.tex
Cap\'{\i }tulo 2.

Underfull \vbox (badness 10000) has occurred while \output is active []

 [5




]
Underfull \vbox (badness 2126) has occurred while \output is active []

 [6]
[7] [8]
Underfull \vbox (badness 10000) has occurred while \output is active []

 [9]
Underfull \vbox (badness 1281) has occurred while \output is active []

 [10]
! Undefined control sequence.
l.152 \noindentNota
                    de implementação: A implementação manual apresentada...
The control sequence at the end of the top line
of your error message was never \def'ed. If you have
misspelled it (e.g., `\hobx'), type `I' and the correct
spelling (e.g., `I\hbox'). Otherwise just continue,
and I'll forget about whatever was undefined.


Overfull \hbox (6.45149pt too wide) in paragraph at lines 152--153
[]\OT1/ptm/m/n/12 (-20) de implementa[][]ao: A implementa[][]ao ma-nual apre-se
n-tada no Cap[]^^Ptulo 4[] (Se[][]ao 4.4.1[])
 []

[11] [12]
Underfull \vbox (badness 10000) has occurred while \output is active []

 [13]
Underfull \vbox (badness 1406) has occurred while \output is active []

 [14]
[15] [16] [17] [18]
LaTeX Font Info:    Trying to load font information for U+eus on input line 320
.

(C:\Users\Lucas\AppData\Local\Programs\MiKTeX\tex/latex/amsfonts\ueus.fd
File: ueus.fd 2013/01/14 v3.01 Euler Script
)
(C:\Users\Lucas\AppData\Local\Programs\MiKTeX\tex/latex/microtype\mt-eus.cfg
File: mt-eus.cfg 2006/07/28 v1.2 microtype config. file: AMS Euler Script (RS)
)
[19]
Underfull \vbox (badness 10000) has occurred while \output is active []

 [20]
Underfull \vbox (badness 10000) has occurred while \output is active []

 [21]
[22]
Underfull \vbox (badness 10000) has occurred while \output is active []

 [23])
[24]
\openout2 = `capitulos/revisao-de-literatura.aux'.

 (capitulos/revisao-de-literatura.tex
Cap\'{\i }tulo 3.

Underfull \vbox (badness 10000) has occurred while \output is active []

 [25




]
Underfull \vbox (badness 10000) has occurred while \output is active []

 [26]
[27] [28]
Underfull \vbox (badness 10000) has occurred while \output is active []

 [29]
Underfull \vbox (badness 10000) has occurred while \output is active []

 [30]
Underfull \vbox (badness 10000) has occurred while \output is active []

 [31]
Underfull \hbox (badness 10000) in paragraph at lines 119--120
[]\OT1/ptm/b/n/12 (+20) Contribui[][]ao
 []


Underfull \hbox (badness 7468) in paragraph at lines 121--121
[]\OT1/ptm/m/n/12 (+20) Mesquita et al.
 []


Underfull \hbox (badness 10000) in paragraph at lines 123--123
[]\OT1/ptm/m/n/12 (+20) LSTM vs.
 []


Underfull \hbox (badness 10000) in paragraph at lines 123--123
[]\OT1/ptm/m/n/12 (+20) Acur[]acia
 []


Underfull \hbox (badness 10000) in paragraph at lines 123--123
\OMS/ztmcm/m/n/12 ^^T$ \OT1/ptm/m/n/12 (+20) 84%
 []


Underfull \hbox (badness 10000) in paragraph at lines 123--124
[]\OT1/ptm/m/n/12 (+20) Aprendizado
 []


Underfull \hbox (badness 10000) in paragraph at lines 123--124
\OT1/ptm/m/n/12 (+20) pro-fundo para
 []


Underfull \hbox (badness 2600) in paragraph at lines 125--125
[]\OT1/ptm/m/n/12 (+20) ML cl[]assico
 []


Underfull \hbox (badness 10000) in paragraph at lines 125--125
[]\OT1/ptm/m/n/12 (+20) Vari[]aveis
 []


Underfull \hbox (badness 10000) in paragraph at lines 125--125
[]\OT1/ptm/m/n/12 (+20) 89%
 []


Underfull \hbox (badness 6063) in paragraph at lines 127--127
[]\OT1/ptm/b/n/12 (+20) Presente tra-ba-
 []


Underfull \hbox (badness 10000) in paragraph at lines 127--127
[]\OT1/ptm/b/n/12 (+20) ADALINE
 []


Underfull \hbox (badness 10000) in paragraph at lines 127--127
[]\OT1/ptm/b/n/12 (+20) Vari[]aveis
 []


Underfull \hbox (badness 10000) in paragraph at lines 127--127
\OT1/ptm/b/n/12 (+20) cl[]^^Pnicas
 []


Underfull \hbox (badness 10000) in paragraph at lines 127--127
[]\OT1/ptm/b/n/12 (+20) 88,04%
 []


Underfull \hbox (badness 10000) in paragraph at lines 127--127
\OT1/ptm/b/n/12 (+20) (MLP
 []


Underfull \hbox (badness 10000) in paragraph at lines 127--127
\OT1/ptm/b/n/12 (+20) Skle-arn,
 []


Underfull \hbox (badness 2229) in paragraph at lines 127--128
[]\OT1/ptm/b/n/12 (+20) Redes neu-rais,
 []


Underfull \hbox (badness 10000) in paragraph at lines 127--128
\OT1/ptm/b/n/12 (+20) foco em FN
 []


Underfull \vbox (badness 10000) has occurred while \output is active []

 [32]
Underfull \vbox (badness 10000) has occurred while \output is active []

 [33])
Overfull \hbox (8.02562pt too wide) in paragraph at lines 144--228
\OT1/ptm/m/n/12 (-20) tudo, in-clu-indo a descri[][]ao de-ta-lhada dos con-jun-
tos de da-dos, as eta-pas de pr[]e-processamento,
 []

[34]
\openout2 = `capitulos/metodologia.aux'.

 (capitulos/metodologia.tex
Cap\'{\i }tulo 4.

Underfull \vbox (badness 10000) has occurred while \output is active []

 [35




]
[36]
Underfull \vbox (badness 10000) has occurred while \output is active []

 [37]
Underfull \vbox (badness 10000) has occurred while \output is active []

 [38]
Package microtype Info: Loading generic protrusion settings for font family
(microtype)             `ztmcm' (encoding: OT1).
(microtype)             For optimal results, create family-specific settings.
(microtype)             See the microtype manual for details.
LaTeX Font Info:    Font shape `OT1/ptm/bx/n' in size <10> not available
(Font)              Font shape `OT1/ptm/b/n' tried instead on input line 95.
LaTeX Font Info:    Font shape `OT1/ptm/bx/n' in size <7.4> not available
(Font)              Font shape `OT1/ptm/b/n' tried instead on input line 95.
LaTeX Font Info:    Font shape `OT1/ptm/bx/n' in size <6> not available
(Font)              Font shape `OT1/ptm/b/n' tried instead on input line 95.

(C:\Users\Lucas\AppData\Local\Programs\MiKTeX\tex/latex/microtype\mt-msa.cfg
File: mt-msa.cfg 2006/02/04 v1.1 microtype config. file: AMS symbols (a) (RS)
)
(C:\Users\Lucas\AppData\Local\Programs\MiKTeX\tex/latex/microtype\mt-msb.cfg
File: mt-msb.cfg 2005/06/01 v1.0 microtype config. file: AMS symbols (b) (RS)
)
LaTeX Font Info:    Font shape `U/lasy/b/n' in size <7.4> not available
(Font)              Font shape `U/lasy/m/n' tried instead on input line 95.
LaTeX Font Info:    Font shape `U/lasy/b/n' in size <6> not available
(Font)              Font shape `U/lasy/m/n' tried instead on input line 95.

Underfull \vbox (badness 10000) has occurred while \output is active []

 [39]
Underfull \vbox (badness 10000) has occurred while \output is active []

 [40]
Underfull \vbox (badness 10000) has occurred while \output is active []

 [41]
[42] [43] [44] [45] [46]
LaTeX Font Info:    Font shape `OT1/cmtt/bx/n' in size <10> not available
(Font)              Font shape `OT1/cmtt/m/n' tried instead on input line 278.
 [47]
LaTeX Font Info:    Font shape `OT1/cmtt/bx/n' in size <12> not available
(Font)              Font shape `OT1/cmtt/m/n' tried instead on input line 301.

Overfull \hbox (1.47658pt too wide) in paragraph at lines 303--304
\OT1/cmtt/m/n/12 SGDClassifier \OT1/ptm/m/n/12 (-20) do scikit-learn, con-fi-gu
-rado com \OT1/cmtt/m/n/12 loss='log[]loss' \OT1/ptm/m/n/12 (-20) e \OT1/cmtt/m
/n/12 random[]state=42\OT1/ptm/m/n/12 (-20) .
 []

[48] [49] [50]
Underfull \vbox (badness 1178) has occurred while \output is active []

 [51]
[52] [53] [54]
Underfull \vbox (badness 3281) has occurred while \output is active []

 [55]
[56] [57] [58]) [59]
\openout2 = `capitulos/resultados.aux'.

 (capitulos/resultados.tex
Cap\'{\i }tulo 5.

Underfull \vbox (badness 10000) has occurred while \output is active []

 [60




]
[61]
<figuras/resultados/03_curvas_aprendizado_banco1.png, id=270, 1148.6112pt x 852
.786pt>
File: figuras/resultados/03_curvas_aprendizado_banco1.png Graphic file (type pn
g)
<use figuras/resultados/03_curvas_aprendizado_banco1.png>
Package pdftex.def Info: figuras/resultados/03_curvas_aprendizado_banco1.png  u
sed on input line 49.
(pdftex.def)             Requested size: 426.79134pt x 316.86617pt.
 [62 <./figuras/resultados/03_curvas_aprendizado_banco1.png>]
Underfull \vbox (badness 10000) has occurred while \output is active []

 [63]
LaTeX Info: Symbol \textrightarrow not provided by
            font family ptm in TS1 encoding.
            Default family used instead on input line 84.

(C:\Users\Lucas\AppData\Local\Programs\MiKTeX\tex/latex/microtype\mt-cmr.cfg
File: mt-cmr.cfg 2013/05/19 v2.2 microtype config. file: Computer Modern Roman 
(RS)
)
LaTeX Info: Symbol \textrightarrow not provided by
            font family ptm in TS1 encoding.
            Default family used instead on input line 84.
LaTeX Info: Symbol \textrightarrow not provided by
            font family ptm in TS1 encoding.
            Default family used instead on input line 88.

Underfull \vbox (badness 10000) has occurred while \output is active []

 [64]
<figuras/resultados/07_matrizes_confusao_banco1.png, id=282, 973.236pt x 852.78
6pt>
File: figuras/resultados/07_matrizes_confusao_banco1.png Graphic file (type png
)
<use figuras/resultados/07_matrizes_confusao_banco1.png>
Package pdftex.def Info: figuras/resultados/07_matrizes_confusao_banco1.png  us
ed on input line 98.
(pdftex.def)             Requested size: 426.79134pt x 373.9648pt.

Underfull \vbox (badness 10000) has occurred while \output is active []

 [65 <./figuras/resultados/07_matrizes_confusao_banco1.png>]
<figuras/resultados/05_convergencia_erro_banco1.png, id=287, 1148.1294pt x 852.
786pt>
File: figuras/resultados/05_convergencia_erro_banco1.png Graphic file (type png
)
<use figuras/resultados/05_convergencia_erro_banco1.png>
Package pdftex.def Info: figuras/resultados/05_convergencia_erro_banco1.png  us
ed on input line 133.
(pdftex.def)             Requested size: 426.79134pt x 316.99629pt.

Underfull \vbox (badness 10000) has occurred while \output is active []

 [66]
Underfull \vbox (badness 10000) has occurred while \output is active []

 [67 <./figuras/resultados/05_convergencia_erro_banco1.png>]
Underfull \vbox (badness 10000) has occurred while \output is active []

 [68]
LaTeX Info: Symbol \textrightarrow not provided by
            font family ptm in TS1 encoding.
            Default family used instead on input line 173.
LaTeX Info: Symbol \textrightarrow not provided by
            font family ptm in TS1 encoding.
            Default family used instead on input line 173.

Underfull \vbox (badness 10000) has occurred while \output is active []

 [69]
<figuras/resultados/04_curvas_aprendizado_banco2.png, id=302, 1148.6112pt x 852
.786pt>
File: figuras/resultados/04_curvas_aprendizado_banco2.png Graphic file (type pn
g)
<use figuras/resultados/04_curvas_aprendizado_banco2.png>
Package pdftex.def Info: figuras/resultados/04_curvas_aprendizado_banco2.png  u
sed on input line 185.
(pdftex.def)             Requested size: 426.79134pt x 316.86617pt.

Underfull \vbox (badness 10000) has occurred while \output is active []

 [70 <./figuras/resultados/04_curvas_aprendizado_banco2.png>]
Underfull \vbox (badness 10000) has occurred while \output is active []

 [71]
<figuras/resultados/08_matrizes_confusao_banco2.png, id=310, 966.4908pt x 852.7
86pt>
File: figuras/resultados/08_matrizes_confusao_banco2.png Graphic file (type png
)
<use figuras/resultados/08_matrizes_confusao_banco2.png>
Package pdftex.def Info: figuras/resultados/08_matrizes_confusao_banco2.png  us
ed on input line 245.
(pdftex.def)             Requested size: 426.79134pt x 376.58029pt.

Underfull \vbox (badness 10000) has occurred while \output is active []

 [72]
[73 <./figuras/resultados/08_matrizes_confusao_banco2.png>]
<figuras/resultados/06_convergencia_erro_banco2.png, id=319, 1148.1294pt x 852.
786pt>
File: figuras/resultados/06_convergencia_erro_banco2.png Graphic file (type png
)
<use figuras/resultados/06_convergencia_erro_banco2.png>
Package pdftex.def Info: figuras/resultados/06_convergencia_erro_banco2.png  us
ed on input line 279.
(pdftex.def)             Requested size: 426.79134pt x 316.99629pt.

Underfull \vbox (badness 10000) has occurred while \output is active []

 [74 <./figuras/resultados/06_convergencia_erro_banco2.png>]
<figuras/resultados/01_comparativo_acuracia.png, id=324, 1148.6112pt x 513.5988
pt>
File: figuras/resultados/01_comparativo_acuracia.png Graphic file (type png)
<use figuras/resultados/01_comparativo_acuracia.png>
Package pdftex.def Info: figuras/resultados/01_comparativo_acuracia.png  used o
n input line 296.
(pdftex.def)             Requested size: 426.79134pt x 190.83577pt.

Underfull \vbox (badness 10000) has occurred while \output is active []

 [75]
<figuras/resultados/02_comparativo_falsos_negativos.png, id=328, 1149.093pt x 5
18.4168pt>
File: figuras/resultados/02_comparativo_falsos_negativos.png Graphic file (type
 png)
<use figuras/resultados/02_comparativo_falsos_negativos.png>
Package pdftex.def Info: figuras/resultados/02_comparativo_falsos_negativos.png
  used on input line 304.
(pdftex.def)             Requested size: 426.79134pt x 192.54686pt.
<figuras/resultados/09_painel_resumo_final.png, id=329, 1148.6112pt x 852.3042p
t>
File: figuras/resultados/09_painel_resumo_final.png Graphic file (type png)
<use figuras/resultados/09_painel_resumo_final.png>
Package pdftex.def Info: figuras/resultados/09_painel_resumo_final.png  used on
 input line 312.
(pdftex.def)             Requested size: 426.79134pt x 316.68715pt.

Underfull \vbox (badness 10000) has occurred while \output is active []

 [76 <./figuras/resultados/01_comparativo_acuracia.png> <./figuras/resultados/0
2_comparativo_falsos_negativos.png>]
Underfull \vbox (badness 10000) has occurred while \output is active []

 [77 <./figuras/resultados/09_painel_resumo_final.png>] [78]
Overfull \hbox (0.1631pt too wide) in paragraph at lines 381--382
[]\OT1/ptm/m/n/12 (-20) No Banco 1, o ADA-LINE NumPy con-ver-giu para 87,68% em
 to-das as configura[][]oes
 []

[79]
<figuras/resultados/10_comparativo_binarizado_vs_bruto.png, id=346, 1293.633pt 
x 995.3988pt>
File: figuras/resultados/10_comparativo_binarizado_vs_bruto.png Graphic file (t
ype png)
<use figuras/resultados/10_comparativo_binarizado_vs_bruto.png>
Package pdftex.def Info: figuras/resultados/10_comparativo_binarizado_vs_bruto.
png  used on input line 419.
(pdftex.def)             Requested size: 426.79134pt x 328.3915pt.

Underfull \vbox (badness 10000) has occurred while \output is active []

 [80]
<figuras/resultados/11_acuracia_bruto.png, id=350, 1149.093pt x 514.0806pt>
File: figuras/resultados/11_acuracia_bruto.png Graphic file (type png)
<use figuras/resultados/11_acuracia_bruto.png>
Package pdftex.def Info: figuras/resultados/11_acuracia_bruto.png  used on inpu
t line 427.
(pdftex.def)             Requested size: 426.79134pt x 190.93636pt.
<figuras/resultados/12_fn_bruto.png, id=351, 1149.093pt x 514.0806pt>
File: figuras/resultados/12_fn_bruto.png Graphic file (type png)
<use figuras/resultados/12_fn_bruto.png>
Package pdftex.def Info: figuras/resultados/12_fn_bruto.png  used on input line
 435.
(pdftex.def)             Requested size: 426.79134pt x 190.93636pt.

Underfull \vbox (badness 3568) has occurred while \output is active []

 [81 <./figuras/resultados/10_comparativo_binarizado_vs_bruto.png> <./figuras/r
esultados/11_acuracia_bruto.png>]) [82 <./figuras/resultados/12_fn_bruto.png>]
\openout2 = `capitulos/discussao.aux'.


(capitulos/discussao.tex
Cap\'{\i }tulo 6.

Underfull \vbox (badness 10000) has occurred while \output is active []

 [83




]
Underfull \vbox (badness 10000) has occurred while \output is active []

 [84]
Underfull \vbox (badness 10000) has occurred while \output is active []

 [85]
Underfull \vbox (badness 10000) has occurred while \output is active []

 [86]
Underfull \vbox (badness 10000) has occurred while \output is active []

 [87]
Underfull \vbox (badness 10000) has occurred while \output is active []

 [88]
Underfull \vbox (badness 10000) has occurred while \output is active []

 [89])
Underfull \vbox (badness 10000) has occurred while \output is active []

 [90]
[91]
\openout2 = `capitulos/conclusao.aux'.

 (capitulos/conclusao.tex
Cap\'{\i }tulo 7.

Underfull \vbox (badness 10000) has occurred while \output is active []

 [92




]
Underfull \vbox (badness 10000) has occurred while \output is active []

 [93]
Underfull \vbox (badness 10000) has occurred while \output is active []

 [94]
Underfull \vbox (badness 10000) has occurred while \output is active []

 [95]
Underfull \vbox (badness 10000) has occurred while \output is active []

 [96]
Underfull \vbox (badness 10000) has occurred while \output is active []

 [97]
Underfull \vbox (badness 10000) has occurred while \output is active []

 [98]
Underfull \vbox (badness 10000) has occurred while \output is active []

 [99]
Underfull \vbox (badness 10000) has occurred while \output is active []

 [100]
Underfull \vbox (badness 10000) has occurred while \output is active []

 [101])
[102] (modelo-de-tcc.bbl [103



] [104]) [105]
\openout2 = `pos-textual/declaracao-ia.aux'.

 (pos-textual/declaracao-ia.tex)
[106



]
No file modelo-de-tcc.ind.
[107




]
<figuras/capa-final-ufvjm.png, id=440, 597.49646pt x 845.00308pt>
File: figuras/capa-final-ufvjm.png Graphic file (type png)
<use figuras/capa-final-ufvjm.png>
Package pdftex.def Info: figuras/capa-final-ufvjm.png  used on input line 268.
(pdftex.def)             Requested size: 597.52234pt x 845.0397pt.
 [108

 <./figuras/capa-final-ufvjm.png>] (modelo-de-tcc.aux
(pre-textual/agradecimento.aux) (pre-textual/epigrafe.aux)
(pre-textual/resumo-ptbr.aux) (pre-textual/resumo-en.aux)
(pre-textual/abreviaturas.aux) (pre-textual/siglas.aux)
(pre-textual/simbolos.aux) (capitulos/introducao.aux)
(capitulos/fundamentacao-teorica.aux) (capitulos/revisao-de-literatura.aux)
(capitulos/metodologia.aux) (capitulos/resultados.aux) (capitulos/discussao.aux
) (capitulos/conclusao.aux) (pos-textual/declaracao-ia.aux))
 ***********
LaTeX2e <2025-11-01>
L3 programming layer <2025-12-24>
 ***********
 ) 
Here is how much of TeX's memory you used:
 13987 strings out of 467871
 227184 string characters out of 5418376
 934905 words of memory out of 5000000
 42097 multiletter control sequences out of 15000+600000
 692205 words of font info for 390 fonts, out of 8000000 for 9000
 1150 hyphenation exceptions out of 8191
 68i,14n,90p,3226b,1316s stack positions out of 10000i,1000n,20000p,200000b,200000s
 <C:\Users\Lucas\AppData\Local\MiKTeX\fonts/pk/ljfour/jknappen/ec/dpi600\tcrm
1200.pk><C:/Users/Lucas/AppData/Local/Programs/MiKTeX/fonts/type1/public/amsfon
ts/cm/cmex10.pfb><C:/Users/Lucas/AppData/Local/Programs/MiKTeX/fonts/type1/publ
ic/amsfonts/cm/cmitt10.pfb><C:/Users/Lucas/AppData/Local/Programs/MiKTeX/fonts/
type1/public/amsfonts/cm/cmmi10.pfb><C:/Users/Lucas/AppData/Local/Programs/MiKT
eX/fonts/type1/public/amsfonts/cm/cmr10.pfb><C:/Users/Lucas/AppData/Local/Progr
ams/MiKTeX/fonts/type1/public/amsfonts/cm/cmsy10.pfb><C:/Users/Lucas/AppData/Lo
cal/Programs/MiKTeX/fonts/type1/public/amsfonts/cm/cmtt10.pfb><C:/Users/Lucas/A
ppData/Local/Programs/MiKTeX/fonts/type1/public/amsfonts/cm/cmtt12.pfb><C:/User
s/Lucas/AppData/Local/Programs/MiKTeX/fonts/type1/public/amsfonts/euler/eusm10.
pfb><C:/Users/Lucas/AppData/Local/Programs/MiKTeX/fonts/type1/public/amsfonts/s
ymbols/msbm10.pfb><C:/Users/Lucas/AppData/Local/Programs/MiKTeX/fonts/type1/urw
/symbol/usyr.pfb><C:/Users/Lucas/AppData/Local/Programs/MiKTeX/fonts/type1/urw/
symbol/usyr.pfb><C:/Users/Lucas/AppData/Local/Programs/MiKTeX/fonts/type1/urw/t
imes/utmb8a.pfb><C:/Users/Lucas/AppData/Local/Programs/MiKTeX/fonts/type1/urw/t
imes/utmbi8a.pfb><C:/Users/Lucas/AppData/Local/Programs/MiKTeX/fonts/type1/urw/
times/utmr8a.pfb><C:/Users/Lucas/AppData/Local/Programs/MiKTeX/fonts/type1/urw/
times/utmri8a.pfb>
Output written on modelo-de-tcc.pdf (126 pages, 2666164 bytes).
PDF statistics:
 516 PDF objects out of 1000 (max. 8388607)
 0 named destinations out of 1000 (max. 500000)
 68167 words of extra memory for PDF output out of 74296 (max. 10000000)

